<?xml version="1.0" encoding="UTF-8"?>
<testsuite xmlns:xsi="http://www.w3.org/2001/XMLSchema-instance" xsi:noNamespaceSchemaLocation="https://maven.apache.org/surefire/maven-surefire-plugin/xsd/surefire-test-report.xsd" name="nerdalert.LexerTest" time="0.054" tests="20" errors="0" skipped="0" failures="0">
  <properties>
    <property name="awt.toolkit" value="sun.awt.X11.XToolkit"/>
    <property name="java.specification.version" value="11"/>
    <property name="sun.cpu.isalist" value=""/>
    <property name="sun.jnu.encoding" value="UTF-8"/>
    <property name="java.class.path" value="/home/ttt/repos/CS321GrammarParser/language-parser/target/test-classes:/home/ttt/repos/CS321GrammarParser/language-parser/target/classes:/home/ttt/.m2/repository/org/antlr/antlr4-runtime/4.9/antlr4-runtime-4.9.jar:/home/ttt/.m2/repository/org/antlr/antlr4/4.9/antlr4-4.9.jar:/home/ttt/.m2/repository/org/antlr/antlr-runtime/3.5.2/antlr-runtime-3.5.2.jar:/home/ttt/.m2/repository/org/antlr/ST4/4.3/ST4-4.3.jar:/home/ttt/.m2/repository/org/abego/treelayout/org.abego.treelayout.core/1.0.3/org.abego.treelayout.core-1.0.3.jar:/home/ttt/.m2/repository/org/glassfish/javax.json/1.0.4/javax.json-1.0.4.jar:/home/ttt/.m2/repository/com/ibm/icu/icu4j/61.1/icu4j-61.1.jar:/home/ttt/.m2/repository/junit/junit/4.11/junit-4.11.jar:/home/ttt/.m2/repository/org/hamcrest/hamcrest-core/1.3/hamcrest-core-1.3.jar:/home/ttt/.m2/repository/org/junit/jupiter/junit-jupiter-api/5.4.2/junit-jupiter-api-5.4.2.jar:/home/ttt/.m2/repository/org/apiguardian/apiguardian-api/1.0.0/apiguardian-api-1.0.0.jar:/home/ttt/.m2/repository/org/opentest4j/opentest4j/1.1.1/opentest4j-1.1.1.jar:/home/ttt/.m2/repository/org/junit/platform/junit-platform-commons/1.4.2/junit-platform-commons-1.4.2.jar:/home/ttt/.m2/repository/org/junit/jupiter/junit-jupiter-engine/5.4.2/junit-jupiter-engine-5.4.2.jar:/home/ttt/.m2/repository/org/junit/platform/junit-platform-engine/1.4.2/junit-platform-engine-1.4.2.jar:"/>
    <property name="java.vm.vendor" value="Ubuntu"/>
    <property name="sun.arch.data.model" value="64"/>
    <property name="java.vendor.url" value="https://ubuntu.com/"/>
    <property name="user.timezone" value=""/>
    <property name="java.vm.specification.version" value="11"/>
    <property name="os.name" value="Linux"/>
    <property name="sun.java.launcher" value="SUN_STANDARD"/>
    <property name="sun.boot.library.path" value="/usr/lib/jvm/java-11-openjdk-amd64/lib"/>
    <property name="sun.java.command" value="/home/ttt/repos/CS321GrammarParser/language-parser/target/surefire/surefirebooter9854641454938879416.jar /home/ttt/repos/CS321GrammarParser/language-parser/target/surefire 2021-04-18T12-22-27_734-jvmRun1 surefire5403349015191999495tmp surefire_012030955439941869336tmp"/>
    <property name="jdk.debug" value="release"/>
    <property name="surefire.test.class.path" value="/home/ttt/repos/CS321GrammarParser/language-parser/target/test-classes:/home/ttt/repos/CS321GrammarParser/language-parser/target/classes:/home/ttt/.m2/repository/org/antlr/antlr4-runtime/4.9/antlr4-runtime-4.9.jar:/home/ttt/.m2/repository/org/antlr/antlr4/4.9/antlr4-4.9.jar:/home/ttt/.m2/repository/org/antlr/antlr-runtime/3.5.2/antlr-runtime-3.5.2.jar:/home/ttt/.m2/repository/org/antlr/ST4/4.3/ST4-4.3.jar:/home/ttt/.m2/repository/org/abego/treelayout/org.abego.treelayout.core/1.0.3/org.abego.treelayout.core-1.0.3.jar:/home/ttt/.m2/repository/org/glassfish/javax.json/1.0.4/javax.json-1.0.4.jar:/home/ttt/.m2/repository/com/ibm/icu/icu4j/61.1/icu4j-61.1.jar:/home/ttt/.m2/repository/junit/junit/4.11/junit-4.11.jar:/home/ttt/.m2/repository/org/hamcrest/hamcrest-core/1.3/hamcrest-core-1.3.jar:/home/ttt/.m2/repository/org/junit/jupiter/junit-jupiter-api/5.4.2/junit-jupiter-api-5.4.2.jar:/home/ttt/.m2/repository/org/apiguardian/apiguardian-api/1.0.0/apiguardian-api-1.0.0.jar:/home/ttt/.m2/repository/org/opentest4j/opentest4j/1.1.1/opentest4j-1.1.1.jar:/home/ttt/.m2/repository/org/junit/platform/junit-platform-commons/1.4.2/junit-platform-commons-1.4.2.jar:/home/ttt/.m2/repository/org/junit/jupiter/junit-jupiter-engine/5.4.2/junit-jupiter-engine-5.4.2.jar:/home/ttt/.m2/repository/org/junit/platform/junit-platform-engine/1.4.2/junit-platform-engine-1.4.2.jar:"/>
    <property name="sun.cpu.endian" value="little"/>
    <property name="user.home" value="/home/ttt"/>
    <property name="user.language" value="en"/>
    <property name="java.specification.vendor" value="Oracle Corporation"/>
    <property name="java.version.date" value="2021-01-19"/>
    <property name="java.home" value="/usr/lib/jvm/java-11-openjdk-amd64"/>
    <property name="file.separator" value="/"/>
    <property name="basedir" value="/home/ttt/repos/CS321GrammarParser/language-parser"/>
    <property name="java.vm.compressedOopsMode" value="Zero based"/>
    <property name="line.separator" value="&#10;"/>
    <property name="java.specification.name" value="Java Platform API Specification"/>
    <property name="java.vm.specification.vendor" value="Oracle Corporation"/>
    <property name="java.awt.graphicsenv" value="sun.awt.X11GraphicsEnvironment"/>
    <property name="surefire.real.class.path" value="/home/ttt/repos/CS321GrammarParser/language-parser/target/surefire/surefirebooter9854641454938879416.jar"/>
    <property name="sun.management.compiler" value="HotSpot 64-Bit Tiered Compilers"/>
    <property name="java.runtime.version" value="11.0.10+9-Ubuntu-0ubuntu1.20.04"/>
    <property name="user.name" value="ttt"/>
    <property name="path.separator" value=":"/>
    <property name="os.version" value="4.19.128-microsoft-standard"/>
    <property name="java.runtime.name" value="OpenJDK Runtime Environment"/>
    <property name="file.encoding" value="UTF-8"/>
    <property name="java.vm.name" value="OpenJDK 64-Bit Server VM"/>
    <property name="localRepository" value="/home/ttt/.m2/repository"/>
    <property name="java.vendor.url.bug" value="https://bugs.launchpad.net/ubuntu/+source/openjdk-lts"/>
    <property name="java.io.tmpdir" value="/tmp"/>
    <property name="java.version" value="11.0.10"/>
    <property name="user.dir" value="/home/ttt/repos/CS321GrammarParser/language-parser"/>
    <property name="os.arch" value="amd64"/>
    <property name="java.vm.specification.name" value="Java Virtual Machine Specification"/>
    <property name="java.awt.printerjob" value="sun.print.PSPrinterJob"/>
    <property name="sun.os.patch.level" value="unknown"/>
    <property name="java.library.path" value="/usr/java/packages/lib:/usr/lib/x86_64-linux-gnu/jni:/lib/x86_64-linux-gnu:/usr/lib/x86_64-linux-gnu:/usr/lib/jni:/lib:/usr/lib"/>
    <property name="java.vm.info" value="mixed mode, sharing"/>
    <property name="java.vendor" value="Ubuntu"/>
    <property name="java.vm.version" value="11.0.10+9-Ubuntu-0ubuntu1.20.04"/>
    <property name="sun.io.unicode.encoding" value="UnicodeLittle"/>
    <property name="java.class.version" value="55.0"/>
  </properties>
  <testcase name="lessThanOrEqualLexerTest" classname="nerdalert.LexerTest" time="0.032"/>
  <testcase name="additionLexerTest" classname="nerdalert.LexerTest" time="0"/>
  <testcase name="modulusLexerTest" classname="nerdalert.LexerTest" time="0.001"/>
  <testcase name="greaterThanOrEqualLexerTest" classname="nerdalert.LexerTest" time="0.001"/>
  <testcase name="andLexerTest" classname="nerdalert.LexerTest" time="0.001"/>
  <testcase name="notEqualLexerTest" classname="nerdalert.LexerTest" time="0.001"/>
  <testcase name="multiplicationLexerTest" classname="nerdalert.LexerTest" time="0.001"/>
  <testcase name="powerLexerTest" classname="nerdalert.LexerTest" time="0"/>
  <testcase name="orLexerTest" classname="nerdalert.LexerTest" time="0.001"/>
  <testcase name="ifLexerTest" classname="nerdalert.LexerTest" time="0"/>
  <testcase name="subtractionLexerTest" classname="nerdalert.LexerTest" time="0"/>
  <testcase name="assignmentLexerTest" classname="nerdalert.LexerTest" time="0.001"/>
  <testcase name="notLexerTest" classname="nerdalert.LexerTest" time="0"/>
  <testcase name="elseLexerTest" classname="nerdalert.LexerTest" time="0"/>
  <testcase name="equalsLexerTest" classname="nerdalert.LexerTest" time="0"/>
  <testcase name="elifLexerTest" classname="nerdalert.LexerTest" time="0.001"/>
  <testcase name="strictlyLessThanLexerTest" classname="nerdalert.LexerTest" time="0.001"/>
  <testcase name="printLexerTest" classname="nerdalert.LexerTest" time="0"/>
  <testcase name="divisionLexerTest" classname="nerdalert.LexerTest" time="0.001"/>
  <testcase name="strictlyGreaterThanLexerTest" classname="nerdalert.LexerTest" time="0"/>
</testsuite>